Performing C SOURCE FILE Test CMAKE_HAVE_LIBC_PTHREAD failed with the following output:
Change Dir: /home/cheng/unitree_noetic/build/CMakeFiles/CMakeTmp

Run Build Command(s):/usr/bin/make -f Makefile cmTC_02eea/fast && /usr/bin/make  -f CMakeFiles/cmTC_02eea.dir/build.make CMakeFiles/cmTC_02eea.dir/build
make[1]: 进入目录“/home/cheng/unitree_noetic/build/CMakeFiles/CMakeTmp”
Building C object CMakeFiles/cmTC_02eea.dir/src.c.o
/usr/bin/cc -DCMAKE_HAVE_LIBC_PTHREAD   -o CMakeFiles/cmTC_02eea.dir/src.c.o -c /home/cheng/unitree_noetic/build/CMakeFiles/CMakeTmp/src.c
Linking C executable cmTC_02eea
/opt/cmake/bin/cmake -E cmake_link_script CMakeFiles/cmTC_02eea.dir/link.txt --verbose=1
/usr/bin/cc -rdynamic CMakeFiles/cmTC_02eea.dir/src.c.o -o cmTC_02eea 
/usr/bin/ld: CMakeFiles/cmTC_02eea.dir/src.c.o: in function `main':
src.c:(.text+0x46): undefined reference to `pthread_create'
/usr/bin/ld: src.c:(.text+0x52): undefined reference to `pthread_detach'
/usr/bin/ld: src.c:(.text+0x5e): undefined reference to `pthread_cancel'
/usr/bin/ld: src.c:(.text+0x6f): undefined reference to `pthread_join'
collect2: error: ld returned 1 exit status
make[1]: *** [CMakeFiles/cmTC_02eea.dir/build.make:99：cmTC_02eea] 错误 1
make[1]: 离开目录“/home/cheng/unitree_noetic/build/CMakeFiles/CMakeTmp”
make: *** [Makefile:127：cmTC_02eea/fast] 错误 2


Source file was:
#include <pthread.h>

static void* test_func(void* data)
{
  return data;
}

int main(void)
{
  pthread_t thread;
  pthread_create(&thread, NULL, test_func, NULL);
  pthread_detach(thread);
  pthread_cancel(thread);
  pthread_join(thread, NULL);
  pthread_atfork(NULL, NULL, NULL);
  pthread_exit(NULL);

  return 0;
}

Determining if the function pthread_create exists in the pthreads failed with the following output:
Change Dir: /home/cheng/unitree_noetic/build/CMakeFiles/CMakeTmp

Run Build Command(s):/usr/bin/make -f Makefile cmTC_18fee/fast && /usr/bin/make  -f CMakeFiles/cmTC_18fee.dir/build.make CMakeFiles/cmTC_18fee.dir/build
make[1]: 进入目录“/home/cheng/unitree_noetic/build/CMakeFiles/CMakeTmp”
Building C object CMakeFiles/cmTC_18fee.dir/CheckFunctionExists.c.o
/usr/bin/cc   -DCHECK_FUNCTION_EXISTS=pthread_create -o CMakeFiles/cmTC_18fee.dir/CheckFunctionExists.c.o -c /opt/cmake/share/cmake-3.21/Modules/CheckFunctionExists.c
Linking C executable cmTC_18fee
/opt/cmake/bin/cmake -E cmake_link_script CMakeFiles/cmTC_18fee.dir/link.txt --verbose=1
/usr/bin/cc  -DCHECK_FUNCTION_EXISTS=pthread_create -rdynamic CMakeFiles/cmTC_18fee.dir/CheckFunctionExists.c.o -o cmTC_18fee  -lpthreads 
/usr/bin/ld: 找不到 -lpthreads
collect2: error: ld returned 1 exit status
make[1]: *** [CMakeFiles/cmTC_18fee.dir/build.make:99：cmTC_18fee] 错误 1
make[1]: 离开目录“/home/cheng/unitree_noetic/build/CMakeFiles/CMakeTmp”
make: *** [Makefile:127：cmTC_18fee/fast] 错误 2



